2024-04-01 10:17:22,028 [Worker-6: Loading available Gradle versions] INFO  o.e.b.c.i.u.g.PublishedGradleVersions - Gradle version information cache is out-of-date. Trying to update.
2024-04-01 14:46:02,960 [Worker-6: Loading available Gradle versions] INFO  o.e.b.c.i.u.g.PublishedGradleVersions - Gradle version information cache is up-to-date. Trying to read.
2024-04-01 17:56:56,566 [Worker-2: Loading available Gradle versions] INFO  o.e.b.c.i.u.g.PublishedGradleVersions - Gradle version information cache is up-to-date. Trying to read.
2024-04-01 17:59:17,894 [Worker-6: Loading available Gradle versions] INFO  o.e.b.c.i.u.g.PublishedGradleVersions - Gradle version information cache is up-to-date. Trying to read.
2024-04-02 09:15:18,083 [Worker-1: Loading available Gradle versions] INFO  o.e.b.c.i.u.g.PublishedGradleVersions - Gradle version information cache is up-to-date. Trying to read.
2024-04-02 15:53:41,612 [Worker-122: Launching Executing clean in C__workspace_06_Spring_demoProject2] INFO  o.eclipse.m2e.core.internal.Bundles - getClasspathEntries(Bundle=org.eclipse.m2e.maven.runtime_3.9.600.20231203-1234 [354])
2024-04-02 15:53:41,614 [Worker-122: Launching Executing clean in C__workspace_06_Spring_demoProject2] INFO  o.eclipse.m2e.core.internal.Bundles - 	Entry: C:\tools\spring-tool-suite-4-4.22.0.RELEASE-e4.31.0-win32.win32.x86_64.self-extracting\sts-4.22.0.RELEASE\plugins\org.eclipse.m2e.maven.runtime_3.9.600.20231203-1234
2024-04-02 15:53:41,614 [Worker-122: Launching Executing clean in C__workspace_06_Spring_demoProject2] INFO  o.eclipse.m2e.core.internal.Bundles - 	Entry: C:\tools\spring-tool-suite-4-4.22.0.RELEASE-e4.31.0-win32.win32.x86_64.self-extracting\sts-4.22.0.RELEASE\plugins\org.eclipse.m2e.maven.runtime_3.9.600.20231203-1234\jars\aopalliance-1.0.jar
2024-04-02 15:53:41,614 [Worker-122: Launching Executing clean in C__workspace_06_Spring_demoProject2] INFO  o.eclipse.m2e.core.internal.Bundles - 	Entry: C:\tools\spring-tool-suite-4-4.22.0.RELEASE-e4.31.0-win32.win32.x86_64.self-extracting\sts-4.22.0.RELEASE\plugins\org.eclipse.m2e.maven.runtime_3.9.600.20231203-1234\jars\guice-5.1.0.jar
2024-04-02 15:53:41,614 [Worker-122: Launching Executing clean in C__workspace_06_Spring_demoProject2] INFO  o.eclipse.m2e.core.internal.Bundles - 	Entry: C:\tools\spring-tool-suite-4-4.22.0.RELEASE-e4.31.0-win32.win32.x86_64.self-extracting\sts-4.22.0.RELEASE\plugins\org.eclipse.m2e.maven.runtime_3.9.600.20231203-1234\jars\httpclient-4.5.14.jar
2024-04-02 15:53:41,614 [Worker-122: Launching Executing clean in C__workspace_06_Spring_demoProject2] INFO  o.eclipse.m2e.core.internal.Bundles - 	Entry: C:\tools\spring-tool-suite-4-4.22.0.RELEASE-e4.31.0-win32.win32.x86_64.self-extracting\sts-4.22.0.RELEASE\plugins\org.eclipse.m2e.maven.runtime_3.9.600.20231203-1234\jars\httpcore-4.4.16.jar
2024-04-02 15:53:41,614 [Worker-122: Launching Executing clean in C__workspace_06_Spring_demoProject2] INFO  o.eclipse.m2e.core.internal.Bundles - 	Entry: C:\tools\spring-tool-suite-4-4.22.0.RELEASE-e4.31.0-win32.win32.x86_64.self-extracting\sts-4.22.0.RELEASE\plugins\org.eclipse.m2e.maven.runtime_3.9.600.20231203-1234\jars\jansi-2.4.0.jar
2024-04-02 15:53:41,614 [Worker-122: Launching Executing clean in C__workspace_06_Spring_demoProject2] INFO  o.eclipse.m2e.core.internal.Bundles - 	Entry: C:\tools\spring-tool-suite-4-4.22.0.RELEASE-e4.31.0-win32.win32.x86_64.self-extracting\sts-4.22.0.RELEASE\plugins\org.eclipse.m2e.maven.runtime_3.9.600.20231203-1234\jars\jcl-over-slf4j-1.7.36.jar
2024-04-02 15:53:41,614 [Worker-122: Launching Executing clean in C__workspace_06_Spring_demoProject2] INFO  o.eclipse.m2e.core.internal.Bundles - 	Entry: C:\tools\spring-tool-suite-4-4.22.0.RELEASE-e4.31.0-win32.win32.x86_64.self-extracting\sts-4.22.0.RELEASE\plugins\org.eclipse.m2e.maven.runtime_3.9.600.20231203-1234\jars\maven-artifact-3.9.6.jar
2024-04-02 15:53:41,614 [Worker-122: Launching Executing clean in C__workspace_06_Spring_demoProject2] INFO  o.eclipse.m2e.core.internal.Bundles - 	Entry: C:\tools\spring-tool-suite-4-4.22.0.RELEASE-e4.31.0-win32.win32.x86_64.self-extracting\sts-4.22.0.RELEASE\plugins\org.eclipse.m2e.maven.runtime_3.9.600.20231203-1234\jars\maven-builder-support-3.9.6.jar
2024-04-02 15:53:41,614 [Worker-122: Launching Executing clean in C__workspace_06_Spring_demoProject2] INFO  o.eclipse.m2e.core.internal.Bundles - 	Entry: C:\tools\spring-tool-suite-4-4.22.0.RELEASE-e4.31.0-win32.win32.x86_64.self-extracting\sts-4.22.0.RELEASE\plugins\org.eclipse.m2e.maven.runtime_3.9.600.20231203-1234\jars\maven-compat-3.9.6.jar
2024-04-02 15:53:41,615 [Worker-122: Launching Executing clean in C__workspace_06_Spring_demoProject2] INFO  o.eclipse.m2e.core.internal.Bundles - 	Entry: C:\tools\spring-tool-suite-4-4.22.0.RELEASE-e4.31.0-win32.win32.x86_64.self-extracting\sts-4.22.0.RELEASE\plugins\org.eclipse.m2e.maven.runtime_3.9.600.20231203-1234\jars\maven-core-3.9.6.jar
2024-04-02 15:53:41,615 [Worker-122: Launching Executing clean in C__workspace_06_Spring_demoProject2] INFO  o.eclipse.m2e.core.internal.Bundles - 	Entry: C:\tools\spring-tool-suite-4-4.22.0.RELEASE-e4.31.0-win32.win32.x86_64.self-extracting\sts-4.22.0.RELEASE\plugins\org.eclipse.m2e.maven.runtime_3.9.600.20231203-1234\jars\maven-embedder-3.9.6.jar
2024-04-02 15:53:41,615 [Worker-122: Launching Executing clean in C__workspace_06_Spring_demoProject2] INFO  o.eclipse.m2e.core.internal.Bundles - 	Entry: C:\tools\spring-tool-suite-4-4.22.0.RELEASE-e4.31.0-win32.win32.x86_64.self-extracting\sts-4.22.0.RELEASE\plugins\org.eclipse.m2e.maven.runtime_3.9.600.20231203-1234\jars\maven-model-3.9.6.jar
2024-04-02 15:53:41,615 [Worker-122: Launching Executing clean in C__workspace_06_Spring_demoProject2] INFO  o.eclipse.m2e.core.internal.Bundles - 	Entry: C:\tools\spring-tool-suite-4-4.22.0.RELEASE-e4.31.0-win32.win32.x86_64.self-extracting\sts-4.22.0.RELEASE\plugins\org.eclipse.m2e.maven.runtime_3.9.600.20231203-1234\jars\maven-model-builder-3.9.6.jar
2024-04-02 15:53:41,615 [Worker-122: Launching Executing clean in C__workspace_06_Spring_demoProject2] INFO  o.eclipse.m2e.core.internal.Bundles - 	Entry: C:\tools\spring-tool-suite-4-4.22.0.RELEASE-e4.31.0-win32.win32.x86_64.self-extracting\sts-4.22.0.RELEASE\plugins\org.eclipse.m2e.maven.runtime_3.9.600.20231203-1234\jars\maven-plugin-api-3.9.6.jar
2024-04-02 15:53:41,615 [Worker-122: Launching Executing clean in C__workspace_06_Spring_demoProject2] INFO  o.eclipse.m2e.core.internal.Bundles - 	Entry: C:\tools\spring-tool-suite-4-4.22.0.RELEASE-e4.31.0-win32.win32.x86_64.self-extracting\sts-4.22.0.RELEASE\plugins\org.eclipse.m2e.maven.runtime_3.9.600.20231203-1234\jars\maven-repository-metadata-3.9.6.jar
2024-04-02 15:53:41,615 [Worker-122: Launching Executing clean in C__workspace_06_Spring_demoProject2] INFO  o.eclipse.m2e.core.internal.Bundles - 	Entry: C:\tools\spring-tool-suite-4-4.22.0.RELEASE-e4.31.0-win32.win32.x86_64.self-extracting\sts-4.22.0.RELEASE\plugins\org.eclipse.m2e.maven.runtime_3.9.600.20231203-1234\jars\maven-resolver-api-1.9.18.jar
2024-04-02 15:53:41,615 [Worker-122: Launching Executing clean in C__workspace_06_Spring_demoProject2] INFO  o.eclipse.m2e.core.internal.Bundles - 	Entry: C:\tools\spring-tool-suite-4-4.22.0.RELEASE-e4.31.0-win32.win32.x86_64.self-extracting\sts-4.22.0.RELEASE\plugins\org.eclipse.m2e.maven.runtime_3.9.600.20231203-1234\jars\maven-resolver-connector-basic-1.9.18.jar
2024-04-02 15:53:41,615 [Worker-122: Launching Executing clean in C__workspace_06_Spring_demoProject2] INFO  o.eclipse.m2e.core.internal.Bundles - 	Entry: C:\tools\spring-tool-suite-4-4.22.0.RELEASE-e4.31.0-win32.win32.x86_64.self-extracting\sts-4.22.0.RELEASE\plugins\org.eclipse.m2e.maven.runtime_3.9.600.20231203-1234\jars\maven-resolver-impl-1.9.18.jar
2024-04-02 15:53:41,615 [Worker-122: Launching Executing clean in C__workspace_06_Spring_demoProject2] INFO  o.eclipse.m2e.core.internal.Bundles - 	Entry: C:\tools\spring-tool-suite-4-4.22.0.RELEASE-e4.31.0-win32.win32.x86_64.self-extracting\sts-4.22.0.RELEASE\plugins\org.eclipse.m2e.maven.runtime_3.9.600.20231203-1234\jars\maven-resolver-named-locks-1.9.18.jar
2024-04-02 15:53:41,615 [Worker-122: Launching Executing clean in C__workspace_06_Spring_demoProject2] INFO  o.eclipse.m2e.core.internal.Bundles - 	Entry: C:\tools\spring-tool-suite-4-4.22.0.RELEASE-e4.31.0-win32.win32.x86_64.self-extracting\sts-4.22.0.RELEASE\plugins\org.eclipse.m2e.maven.runtime_3.9.600.20231203-1234\jars\maven-resolver-provider-3.9.6.jar
2024-04-02 15:53:41,615 [Worker-122: Launching Executing clean in C__workspace_06_Spring_demoProject2] INFO  o.eclipse.m2e.core.internal.Bundles - 	Entry: C:\tools\spring-tool-suite-4-4.22.0.RELEASE-e4.31.0-win32.win32.x86_64.self-extracting\sts-4.22.0.RELEASE\plugins\org.eclipse.m2e.maven.runtime_3.9.600.20231203-1234\jars\maven-resolver-spi-1.9.18.jar
2024-04-02 15:53:41,615 [Worker-122: Launching Executing clean in C__workspace_06_Spring_demoProject2] INFO  o.eclipse.m2e.core.internal.Bundles - 	Entry: C:\tools\spring-tool-suite-4-4.22.0.RELEASE-e4.31.0-win32.win32.x86_64.self-extracting\sts-4.22.0.RELEASE\plugins\org.eclipse.m2e.maven.runtime_3.9.600.20231203-1234\jars\maven-resolver-transport-file-1.9.18.jar
2024-04-02 15:53:41,615 [Worker-122: Launching Executing clean in C__workspace_06_Spring_demoProject2] INFO  o.eclipse.m2e.core.internal.Bundles - 	Entry: C:\tools\spring-tool-suite-4-4.22.0.RELEASE-e4.31.0-win32.win32.x86_64.self-extracting\sts-4.22.0.RELEASE\plugins\org.eclipse.m2e.maven.runtime_3.9.600.20231203-1234\jars\maven-resolver-transport-http-1.9.18.jar
2024-04-02 15:53:41,615 [Worker-122: Launching Executing clean in C__workspace_06_Spring_demoProject2] INFO  o.eclipse.m2e.core.internal.Bundles - 	Entry: C:\tools\spring-tool-suite-4-4.22.0.RELEASE-e4.31.0-win32.win32.x86_64.self-extracting\sts-4.22.0.RELEASE\plugins\org.eclipse.m2e.maven.runtime_3.9.600.20231203-1234\jars\maven-resolver-transport-wagon-1.9.18.jar
2024-04-02 15:53:41,615 [Worker-122: Launching Executing clean in C__workspace_06_Spring_demoProject2] INFO  o.eclipse.m2e.core.internal.Bundles - 	Entry: C:\tools\spring-tool-suite-4-4.22.0.RELEASE-e4.31.0-win32.win32.x86_64.self-extracting\sts-4.22.0.RELEASE\plugins\org.eclipse.m2e.maven.runtime_3.9.600.20231203-1234\jars\maven-resolver-util-1.9.18.jar
2024-04-02 15:53:41,615 [Worker-122: Launching Executing clean in C__workspace_06_Spring_demoProject2] INFO  o.eclipse.m2e.core.internal.Bundles - 	Entry: C:\tools\spring-tool-suite-4-4.22.0.RELEASE-e4.31.0-win32.win32.x86_64.self-extracting\sts-4.22.0.RELEASE\plugins\org.eclipse.m2e.maven.runtime_3.9.600.20231203-1234\jars\maven-settings-3.9.6.jar
2024-04-02 15:53:41,615 [Worker-122: Launching Executing clean in C__workspace_06_Spring_demoProject2] INFO  o.eclipse.m2e.core.internal.Bundles - 	Entry: C:\tools\spring-tool-suite-4-4.22.0.RELEASE-e4.31.0-win32.win32.x86_64.self-extracting\sts-4.22.0.RELEASE\plugins\org.eclipse.m2e.maven.runtime_3.9.600.20231203-1234\jars\maven-settings-builder-3.9.6.jar
2024-04-02 15:53:41,616 [Worker-122: Launching Executing clean in C__workspace_06_Spring_demoProject2] INFO  o.eclipse.m2e.core.internal.Bundles - 	Entry: C:\tools\spring-tool-suite-4-4.22.0.RELEASE-e4.31.0-win32.win32.x86_64.self-extracting\sts-4.22.0.RELEASE\plugins\org.eclipse.m2e.maven.runtime_3.9.600.20231203-1234\jars\maven-shared-utils-3.3.4.jar
2024-04-02 15:53:41,616 [Worker-122: Launching Executing clean in C__workspace_06_Spring_demoProject2] INFO  o.eclipse.m2e.core.internal.Bundles - 	Entry: C:\tools\spring-tool-suite-4-4.22.0.RELEASE-e4.31.0-win32.win32.x86_64.self-extracting\sts-4.22.0.RELEASE\plugins\org.eclipse.m2e.maven.runtime_3.9.600.20231203-1234\jars\org.eclipse.sisu.inject-0.9.0.M2.jar
2024-04-02 15:53:41,616 [Worker-122: Launching Executing clean in C__workspace_06_Spring_demoProject2] INFO  o.eclipse.m2e.core.internal.Bundles - 	Entry: C:\tools\spring-tool-suite-4-4.22.0.RELEASE-e4.31.0-win32.win32.x86_64.self-extracting\sts-4.22.0.RELEASE\plugins\org.eclipse.m2e.maven.runtime_3.9.600.20231203-1234\jars\org.eclipse.sisu.plexus-0.9.0.M2.jar
2024-04-02 15:53:41,616 [Worker-122: Launching Executing clean in C__workspace_06_Spring_demoProject2] INFO  o.eclipse.m2e.core.internal.Bundles - 	Entry: C:\tools\spring-tool-suite-4-4.22.0.RELEASE-e4.31.0-win32.win32.x86_64.self-extracting\sts-4.22.0.RELEASE\plugins\org.eclipse.m2e.maven.runtime_3.9.600.20231203-1234\jars\plexus-build-api-0.0.7.jar
2024-04-02 15:53:41,616 [Worker-122: Launching Executing clean in C__workspace_06_Spring_demoProject2] INFO  o.eclipse.m2e.core.internal.Bundles - 	Entry: C:\tools\spring-tool-suite-4-4.22.0.RELEASE-e4.31.0-win32.win32.x86_64.self-extracting\sts-4.22.0.RELEASE\plugins\org.eclipse.m2e.maven.runtime_3.9.600.20231203-1234\jars\plexus-cipher-2.0.jar
2024-04-02 15:53:41,616 [Worker-122: Launching Executing clean in C__workspace_06_Spring_demoProject2] INFO  o.eclipse.m2e.core.internal.Bundles - 	Entry: C:\tools\spring-tool-suite-4-4.22.0.RELEASE-e4.31.0-win32.win32.x86_64.self-extracting\sts-4.22.0.RELEASE\plugins\org.eclipse.m2e.maven.runtime_3.9.600.20231203-1234\jars\plexus-classworlds-2.7.0.jar
2024-04-02 15:53:41,616 [Worker-122: Launching Executing clean in C__workspace_06_Spring_demoProject2] INFO  o.eclipse.m2e.core.internal.Bundles - 	Entry: C:\tools\spring-tool-suite-4-4.22.0.RELEASE-e4.31.0-win32.win32.x86_64.self-extracting\sts-4.22.0.RELEASE\plugins\org.eclipse.m2e.maven.runtime_3.9.600.20231203-1234\jars\plexus-component-annotations-2.1.0.jar
2024-04-02 15:53:41,616 [Worker-122: Launching Executing clean in C__workspace_06_Spring_demoProject2] INFO  o.eclipse.m2e.core.internal.Bundles - 	Entry: C:\tools\spring-tool-suite-4-4.22.0.RELEASE-e4.31.0-win32.win32.x86_64.self-extracting\sts-4.22.0.RELEASE\plugins\org.eclipse.m2e.maven.runtime_3.9.600.20231203-1234\jars\plexus-interpolation-1.26.jar
2024-04-02 15:53:41,616 [Worker-122: Launching Executing clean in C__workspace_06_Spring_demoProject2] INFO  o.eclipse.m2e.core.internal.Bundles - 	Entry: C:\tools\spring-tool-suite-4-4.22.0.RELEASE-e4.31.0-win32.win32.x86_64.self-extracting\sts-4.22.0.RELEASE\plugins\org.eclipse.m2e.maven.runtime_3.9.600.20231203-1234\jars\plexus-sec-dispatcher-2.0.jar
2024-04-02 15:53:41,616 [Worker-122: Launching Executing clean in C__workspace_06_Spring_demoProject2] INFO  o.eclipse.m2e.core.internal.Bundles - 	Entry: C:\tools\spring-tool-suite-4-4.22.0.RELEASE-e4.31.0-win32.win32.x86_64.self-extracting\sts-4.22.0.RELEASE\plugins\org.eclipse.m2e.maven.runtime_3.9.600.20231203-1234\jars\plexus-utils-3.5.1.jar
2024-04-02 15:53:41,616 [Worker-122: Launching Executing clean in C__workspace_06_Spring_demoProject2] INFO  o.eclipse.m2e.core.internal.Bundles - 	Entry: C:\tools\spring-tool-suite-4-4.22.0.RELEASE-e4.31.0-win32.win32.x86_64.self-extracting\sts-4.22.0.RELEASE\plugins\org.eclipse.m2e.maven.runtime_3.9.600.20231203-1234\jars\wagon-file-3.5.3.jar
2024-04-02 15:53:41,616 [Worker-122: Launching Executing clean in C__workspace_06_Spring_demoProject2] INFO  o.eclipse.m2e.core.internal.Bundles - 	Entry: C:\tools\spring-tool-suite-4-4.22.0.RELEASE-e4.31.0-win32.win32.x86_64.self-extracting\sts-4.22.0.RELEASE\plugins\org.eclipse.m2e.maven.runtime_3.9.600.20231203-1234\jars\wagon-http-3.5.3.jar
2024-04-02 15:53:41,616 [Worker-122: Launching Executing clean in C__workspace_06_Spring_demoProject2] INFO  o.eclipse.m2e.core.internal.Bundles - 	Entry: C:\tools\spring-tool-suite-4-4.22.0.RELEASE-e4.31.0-win32.win32.x86_64.self-extracting\sts-4.22.0.RELEASE\plugins\org.eclipse.m2e.maven.runtime_3.9.600.20231203-1234\jars\wagon-http-shared-3.5.3.jar
2024-04-02 15:53:41,616 [Worker-122: Launching Executing clean in C__workspace_06_Spring_demoProject2] INFO  o.eclipse.m2e.core.internal.Bundles - 	Entry: C:\tools\spring-tool-suite-4-4.22.0.RELEASE-e4.31.0-win32.win32.x86_64.self-extracting\sts-4.22.0.RELEASE\plugins\org.eclipse.m2e.maven.runtime_3.9.600.20231203-1234\jars\wagon-provider-api-3.5.3.jar
2024-04-02 15:53:41,617 [Worker-122: Launching Executing clean in C__workspace_06_Spring_demoProject2] INFO  o.eclipse.m2e.core.internal.Bundles - getClasspathEntries(Bundle=com.google.guava_33.0.0.jre [27])
2024-04-02 15:53:41,617 [Worker-122: Launching Executing clean in C__workspace_06_Spring_demoProject2] INFO  o.eclipse.m2e.core.internal.Bundles - 	Entry: C:\tools\spring-tool-suite-4-4.22.0.RELEASE-e4.31.0-win32.win32.x86_64.self-extracting\sts-4.22.0.RELEASE\plugins\com.google.guava_33.0.0.jre.jar
2024-04-02 15:53:41,617 [Worker-122: Launching Executing clean in C__workspace_06_Spring_demoProject2] INFO  o.eclipse.m2e.core.internal.Bundles - getClasspathEntries(Bundle=slf4j.api_2.0.12 [583])
2024-04-02 15:53:41,617 [Worker-122: Launching Executing clean in C__workspace_06_Spring_demoProject2] INFO  o.eclipse.m2e.core.internal.Bundles - 	Entry: C:\tools\spring-tool-suite-4-4.22.0.RELEASE-e4.31.0-win32.win32.x86_64.self-extracting\sts-4.22.0.RELEASE\plugins\slf4j.api_2.0.12.jar
2024-04-02 15:53:41,617 [Worker-122: Launching Executing clean in C__workspace_06_Spring_demoProject2] INFO  o.eclipse.m2e.core.internal.Bundles - getClasspathEntries(Bundle=jakarta.inject.jakarta.inject-api_1.0.5 [44])
2024-04-02 15:53:41,617 [Worker-122: Launching Executing clean in C__workspace_06_Spring_demoProject2] INFO  o.eclipse.m2e.core.internal.Bundles - 	Entry: C:\tools\spring-tool-suite-4-4.22.0.RELEASE-e4.31.0-win32.win32.x86_64.self-extracting\sts-4.22.0.RELEASE\plugins\jakarta.inject.jakarta.inject-api_1.0.5.jar
2024-04-02 15:53:41,617 [Worker-122: Launching Executing clean in C__workspace_06_Spring_demoProject2] INFO  o.eclipse.m2e.core.internal.Bundles - getClasspathEntries(Bundle=jakarta.annotation-api_1.3.5 [40])
2024-04-02 15:53:41,617 [Worker-122: Launching Executing clean in C__workspace_06_Spring_demoProject2] INFO  o.eclipse.m2e.core.internal.Bundles - 	Entry: C:\tools\spring-tool-suite-4-4.22.0.RELEASE-e4.31.0-win32.win32.x86_64.self-extracting\sts-4.22.0.RELEASE\plugins\jakarta.annotation-api_1.3.5.jar
2024-04-02 15:53:41,617 [Worker-122: Launching Executing clean in C__workspace_06_Spring_demoProject2] INFO  o.eclipse.m2e.core.internal.Bundles - getClasspathEntries(Bundle=org.apache.commons.cli_1.6.0 [75])
2024-04-02 15:53:41,618 [Worker-122: Launching Executing clean in C__workspace_06_Spring_demoProject2] INFO  o.eclipse.m2e.core.internal.Bundles - 	Entry: C:\tools\spring-tool-suite-4-4.22.0.RELEASE-e4.31.0-win32.win32.x86_64.self-extracting\sts-4.22.0.RELEASE\plugins\org.apache.commons.cli_1.6.0.jar
2024-04-02 15:53:41,618 [Worker-122: Launching Executing clean in C__workspace_06_Spring_demoProject2] INFO  o.eclipse.m2e.core.internal.Bundles - getClasspathEntries(Bundle=org.apache.commons.commons-codec_1.16.0 [77])
2024-04-02 15:53:41,618 [Worker-122: Launching Executing clean in C__workspace_06_Spring_demoProject2] INFO  o.eclipse.m2e.core.internal.Bundles - 	Entry: C:\tools\spring-tool-suite-4-4.22.0.RELEASE-e4.31.0-win32.win32.x86_64.self-extracting\sts-4.22.0.RELEASE\plugins\org.apache.commons.commons-codec_1.16.0.jar
2024-04-02 15:53:41,618 [Worker-122: Launching Executing clean in C__workspace_06_Spring_demoProject2] INFO  o.eclipse.m2e.core.internal.Bundles - getClasspathEntries(Bundle=org.apache.commons.lang3_3.14.0 [81])
2024-04-02 15:53:41,618 [Worker-122: Launching Executing clean in C__workspace_06_Spring_demoProject2] INFO  o.eclipse.m2e.core.internal.Bundles - 	Entry: C:\tools\spring-tool-suite-4-4.22.0.RELEASE-e4.31.0-win32.win32.x86_64.self-extracting\sts-4.22.0.RELEASE\plugins\org.apache.commons.lang3_3.14.0.jar
2024-04-02 15:53:41,618 [Worker-122: Launching Executing clean in C__workspace_06_Spring_demoProject2] INFO  o.eclipse.m2e.core.internal.Bundles - getClasspathEntries(Bundle=com.google.guava.failureaccess_1.0.2 [29])
2024-04-02 15:53:41,618 [Worker-122: Launching Executing clean in C__workspace_06_Spring_demoProject2] INFO  o.eclipse.m2e.core.internal.Bundles - 	Entry: C:\tools\spring-tool-suite-4-4.22.0.RELEASE-e4.31.0-win32.win32.x86_64.self-extracting\sts-4.22.0.RELEASE\plugins\com.google.guava.failureaccess_1.0.2.jar
2024-04-02 15:53:41,620 [Worker-122: Launching Executing clean in C__workspace_06_Spring_demoProject2] INFO  o.e.m.i.launch.MavenLaunchDelegate - Run build in "C:\workspace\06_Spring\demoProject2":
2024-04-02 15:53:41,620 [Worker-122: Launching Executing clean in C__workspace_06_Spring_demoProject2] INFO  o.e.m.i.launch.MavenLaunchDelegate -  mvn  -B -Dstyle.color=always clean
2024-04-03 09:06:37,049 [Worker-1: Loading available Gradle versions] INFO  o.e.b.c.i.u.g.PublishedGradleVersions - Gradle version information cache is out-of-date. Trying to update.
2024-04-03 12:50:46,845 [Worker-6: Loading available Gradle versions] INFO  o.e.b.c.i.u.g.PublishedGradleVersions - Gradle version information cache is up-to-date. Trying to read.
2024-04-03 14:22:25,138 [Worker-6: Loading available Gradle versions] INFO  o.e.b.c.i.u.g.PublishedGradleVersions - Gradle version information cache is up-to-date. Trying to read.
2024-04-04 09:14:27,343 [Worker-2: Loading available Gradle versions] INFO  o.e.b.c.i.u.g.PublishedGradleVersions - Gradle version information cache is out-of-date. Trying to update.
2024-04-04 10:19:41,427 [Worker-5: Loading available Gradle versions] INFO  o.e.b.c.i.u.g.PublishedGradleVersions - Gradle version information cache is up-to-date. Trying to read.
2024-04-04 10:46:32,760 [Worker-2: Loading available Gradle versions] INFO  o.e.b.c.i.u.g.PublishedGradleVersions - Gradle version information cache is up-to-date. Trying to read.
2024-04-04 10:49:17,740 [Worker-5: Loading available Gradle versions] INFO  o.e.b.c.i.u.g.PublishedGradleVersions - Gradle version information cache is up-to-date. Trying to read.
2024-04-04 11:09:38,711 [Worker-5: Loading available Gradle versions] INFO  o.e.b.c.i.u.g.PublishedGradleVersions - Gradle version information cache is up-to-date. Trying to read.
2024-04-04 11:18:08,397 [Worker-6: Loading available Gradle versions] INFO  o.e.b.c.i.u.g.PublishedGradleVersions - Gradle version information cache is up-to-date. Trying to read.
2024-04-04 12:14:45,388 [Worker-4: Loading available Gradle versions] INFO  o.e.b.c.i.u.g.PublishedGradleVersions - Gradle version information cache is up-to-date. Trying to read.
2024-04-08 09:02:45,607 [Worker-3: Loading available Gradle versions] INFO  o.e.b.c.i.u.g.PublishedGradleVersions - Gradle version information cache is out-of-date. Trying to update.
2024-04-08 16:08:06,695 [Worker-4: Loading available Gradle versions] INFO  o.e.b.c.i.u.g.PublishedGradleVersions - Gradle version information cache is up-to-date. Trying to read.
2024-04-08 16:18:13,322 [Worker-2: Loading available Gradle versions] INFO  o.e.b.c.i.u.g.PublishedGradleVersions - Gradle version information cache is up-to-date. Trying to read.
2024-04-09 09:03:21,572 [Worker-3: Loading available Gradle versions] INFO  o.e.b.c.i.u.g.PublishedGradleVersions - Gradle version information cache is out-of-date. Trying to update.
2024-04-09 11:38:57,081 [Worker-7: Loading available Gradle versions] INFO  o.e.b.c.i.u.g.PublishedGradleVersions - Gradle version information cache is up-to-date. Trying to read.
2024-04-09 17:02:50,115 [Worker-6: Loading available Gradle versions] INFO  o.e.b.c.i.u.g.PublishedGradleVersions - Gradle version information cache is up-to-date. Trying to read.
2024-04-09 17:23:13,370 [Worker-4: Loading available Gradle versions] INFO  o.e.b.c.i.u.g.PublishedGradleVersions - Gradle version information cache is up-to-date. Trying to read.
2024-04-11 09:05:12,808 [Worker-3: Loading available Gradle versions] INFO  o.e.b.c.i.u.g.PublishedGradleVersions - Gradle version information cache is out-of-date. Trying to update.
2024-04-12 09:18:44,361 [Worker-5: Loading available Gradle versions] INFO  o.e.b.c.i.u.g.PublishedGradleVersions - Gradle version information cache is out-of-date. Trying to update.
2024-04-15 09:32:32,680 [Worker-2: Loading available Gradle versions] INFO  o.e.b.c.i.u.g.PublishedGradleVersions - Gradle version information cache is out-of-date. Trying to update.
2024-04-16 09:07:21,411 [Worker-4: Loading available Gradle versions] INFO  o.e.b.c.i.u.g.PublishedGradleVersions - Gradle version information cache is up-to-date. Trying to read.
2024-04-16 10:05:09,849 [Worker-4: Loading available Gradle versions] INFO  o.e.b.c.i.u.g.PublishedGradleVersions - Gradle version information cache is out-of-date. Trying to update.
